<?xml version="1.0" encoding="UTF-8"?>
<!-- Generated by org.testng.reporters.JUnitReportReporter -->
<testsuite skipped="0" hostname="DESKTOP-KQUFIDC" name="TestCases.DeliveryTest" tests="1" failures="0" timestamp="2021-01-24T09:37:54 EST" time="5.625" errors="0">
  <testcase name="verifyDeliveryOption" time="5.625" classname="TestCases.DeliveryTest"/>
  <system-out/>
</testsuite> <!-- TestCases.DeliveryTest -->
