<?xml version="1.0" encoding="UTF-8"?>
<!-- Generated by org.testng.reporters.JUnitReportReporter -->
<testsuite skipped="0" hostname="DESKTOP-KQUFIDC" name="TestCases.MenuTest" tests="1" failures="0" timestamp="2021-01-12T16:38:35 EST" time="5.414" errors="0">
  <testcase name="verifyBuildPizza" time="5.414" classname="TestCases.MenuTest"/>
  <system-out/>
</testsuite> <!-- TestCases.MenuTest -->
