<?xml version="1.0" encoding="UTF-8"?>
<!-- Generated by org.testng.reporters.JUnitReportReporter -->
<testsuite skipped="0" hostname="DESKTOP-KQUFIDC" name="TestCases.CartTest" tests="1" failures="0" timestamp="2021-01-12T16:37:52 EST" time="2.566" errors="0">
  <testcase name="verifyBuildPizza" time="2.566" classname="TestCases.CartTest"/>
  <system-out/>
</testsuite> <!-- TestCases.CartTest -->
